<?xml version="1.0" encoding="UTF-8"?>
<!-- Generated by org.testng.reporters.JUnitReportReporter -->
<testsuite hostname="NEW9151-G5" failures="0" tests="1" name="oHRMStepDefinitions.TestRunnerOH" time="16.627" errors="0" timestamp="2023-06-09T13:27:40 IST" skipped="0">
  <testcase classname="oHRMStepDefinitions.TestRunnerOH" name="runScenario" time="16.627"/>
  <system-out/>
</testsuite> <!-- oHRMStepDefinitions.TestRunnerOH -->
